<?xml version="1.0" encoding="UTF-8"?>
<!-- Generated by org.testng.reporters.JUnitXMLReporter -->
<testsuite ignored="0" hostname="DESKTOP-OJ38I0N" failures="0" tests="2" name="Default test" time="27.77" errors="0" timestamp="2023-10-09T07:44:42 IST">
  <testcase classname="com.PARABankPractieGroup.TestBase.TestBaseClass" name="setup" time="23.474"/>
  <testcase classname="com.PARABankPractieGroup.TestLayer.HomeTest" name="validateRegisterLink" time="3.936"/>
</testsuite> <!-- Default test -->
