<?xml version="1.0" encoding="UTF-8"?>
<testng-results ignored="0" total="1" passed="1" failed="0" skipped="0">
  <reporter-output>
  </reporter-output>
  <suite started-at="2023-10-09T09:04:51 IST" name="Default suite" finished-at="2023-10-09T09:05:26 IST" duration-ms="34326">
    <groups>
    </groups>
    <test started-at="2023-10-09T09:04:51 IST" name="Default test" finished-at="2023-10-09T09:05:26 IST" duration-ms="34326">
      <class name="com.PARABankPractieGroup.TestLayer.SignUpTest">
        <test-method is-config="true" signature="setup()[pri:0, instance:com.PARABankPractieGroup.TestLayer.SignUpTest@689604d9]" started-at="2023-10-09T09:04:51 IST" name="setup" finished-at="2023-10-09T09:05:16 IST" duration-ms="24512" status="PASS">
          <reporter-output>
          </reporter-output>
        </test-method> <!-- setup -->
        <test-method signature="verifySignUpPage()[pri:0, instance:com.PARABankPractieGroup.TestLayer.SignUpTest@689604d9]" started-at="2023-10-09T09:05:16 IST" name="verifySignUpPage" finished-at="2023-10-09T09:05:20 IST" duration-ms="4308" status="PASS">
          <reporter-output>
          </reporter-output>
        </test-method> <!-- verifySignUpPage -->
        <test-method is-config="true" signature="end()[pri:0, instance:com.PARABankPractieGroup.TestLayer.SignUpTest@689604d9]" started-at="2023-10-09T09:05:20 IST" name="end" finished-at="2023-10-09T09:05:26 IST" duration-ms="5396" status="PASS">
          <reporter-output>
          </reporter-output>
        </test-method> <!-- end -->
      </class> <!-- com.PARABankPractieGroup.TestLayer.SignUpTest -->
    </test> <!-- Default test -->
  </suite> <!-- Default suite -->
</testng-results>
