<?xml version="1.0" encoding="UTF-8"?>
<testng-results ignored="0" total="1" passed="1" failed="0" skipped="0">
  <reporter-output>
  </reporter-output>
  <suite started-at="2023-10-10T07:04:33 IST" name="Default suite" finished-at="2023-10-10T07:05:04 IST" duration-ms="30804">
    <groups>
    </groups>
    <test started-at="2023-10-10T07:04:33 IST" name="Default test" finished-at="2023-10-10T07:05:04 IST" duration-ms="30804">
      <class name="com.PARABankPractieGroup.TestLayer.AccountOverviewTest">
        <test-method is-config="true" signature="setup()[pri:0, instance:com.PARABankPractieGroup.TestLayer.AccountOverviewTest@689604d9]" started-at="2023-10-10T07:04:33 IST" name="setup" finished-at="2023-10-10T07:04:50 IST" duration-ms="16323" status="PASS">
          <reporter-output>
          </reporter-output>
        </test-method> <!-- setup -->
        <test-method signature="VerifyAccountOverview()[pri:0, instance:com.PARABankPractieGroup.TestLayer.AccountOverviewTest@689604d9]" started-at="2023-10-10T07:04:50 IST" name="VerifyAccountOverview" finished-at="2023-10-10T07:05:03 IST" duration-ms="13368" status="PASS">
          <reporter-output>
          </reporter-output>
        </test-method> <!-- VerifyAccountOverview -->
        <test-method is-config="true" signature="end()[pri:0, instance:com.PARABankPractieGroup.TestLayer.AccountOverviewTest@689604d9]" started-at="2023-10-10T07:05:03 IST" name="end" finished-at="2023-10-10T07:05:04 IST" duration-ms="1018" status="PASS">
          <reporter-output>
          </reporter-output>
        </test-method> <!-- end -->
      </class> <!-- com.PARABankPractieGroup.TestLayer.AccountOverviewTest -->
    </test> <!-- Default test -->
  </suite> <!-- Default suite -->
</testng-results>
